CachingBackend: Loading instances from cache
Creating new entry for ImpulseScreenlet in /tmp/screenlets/screenlets.efyang.running
Loading instances in: /home/efyang/.config/screenlets/Impulse/default/
No instance(s) found in session-path, creating new one.
unmute: 1
source index: 1
alsa_output.pci-0000_00_1b.0.analog-stereo.monitor
unmute: 1
source index: 1
alsa_output.pci-0000_00_1b.0.analog-stereo.monitor
/home/efyang/.screenlets/Impulse/themes
/usr/share/screenlets/Impulse/themes
Path /usr/share/screenlets/Impulse/themes not found.
active theme is: default
unmute: 1
source index: 1
alsa_output.pci-0000_00_1b.0.analog-stereo.monitor
unmute: 1
source index: 2
alsa_input.pci-0000_00_1b.0.analog-stereo
unmute: 1
source index: 1
alsa_output.pci-0000_00_1b.0.analog-stereo.monitor
